<?xml version="1.0" encoding="UTF-8"?>
<Site BuildName="Darwin-aarch64-apple-darwin22-g++-13"
	BuildStamp="20231223-0502-Experimental"
	Name="goujiayuandeMBP"
	Generator="ctest-3.27.4"
	CompilerName="/opt/homebrew/bin/aarch64-apple-darwin22-g++-13"
	CompilerVersion="13.1.0"
	OSName="macOS"
	Hostname="goujiayuandeMBP"
	OSRelease="13.4"
	OSVersion="22F66"
	OSPlatform="arm64"
	Is64Bits="1"
	VendorString="IBM"
	VendorID="IBM"
	FamilyID="16777228"
	ModelID="2"
	ProcessorCacheSize="131072"
	NumberOfLogicalCPU="10"
	NumberOfPhysicalCPU="10"
	TotalVirtualMemory="0"
	TotalPhysicalMemory="16384"
	LogicalProcessorsPerPhysical="10"
	ProcessorClockFrequency="0"
	>
	<Testing>
		<StartDateTime>Dec 23 18:01 CST</StartDateTime>
		<StartTestTime>1703325666</StartTestTime>
		<TestList/>
		<EndDateTime>Dec 23 18:01 CST</EndDateTime>
		<EndTestTime>1703325666</EndTestTime>
		<ElapsedMinutes>0</ElapsedMinutes>
	</Testing>
</Site>
